# JRE version: OpenJDK Runtime Environment (9.0) (build 9-Ubuntu+0-9b181-4)
# Java VM: OpenJDK 64-Bit Server VM (9-Ubuntu+0-9b181-4, mixed mode, tiered, compressed oops, g1 gc, linux-amd64)
Heap:
 garbage-first heap   total 1923072K, used 262911K [0x00000006c5600000, 0x00000006c5703ab0, 0x00000007c0000000)
  region size 1024K, 21 young (21504K), 21 survivors (21504K)
 Metaspace       used 41277K, capacity 53178K, committed 60424K, reserved 1091584K
  class space    used 11203K, capacity 14913K, committed 17416K, reserved 1048576K
GC Heap History (10 events):
Event: 33095.604 GC heap after
{Heap after GC invocations=57 (full 0):
 garbage-first heap   total 258048K, used 166659K [0x00000006c5600000, 0x00000006c57007e0, 0x00000007c0000000)
  region size 1024K, 7 young (7168K), 7 survivors (7168K)
 Metaspace       used 41277K, capacity 53178K, committed 60424K, reserved 1091584K
  class space    used 11203K, capacity 14913K, committed 17416K, reserved 1048576K
}
Event: 33095.740 GC heap before
{Heap before GC invocations=57 (full 0):
 garbage-first heap   total 258048K, used 236291K [0x00000006c5600000, 0x00000006c57007e0, 0x00000007c0000000)
  region size 1024K, 56 young (57344K), 7 survivors (7168K)
 Metaspace       used 41277K, capacity 53178K, committed 60424K, reserved 1091584K
  class space    used 11203K, capacity 14913K, committed 17416K, reserved 1048576K
}
Event: 33095.829 GC heap after
{Heap after GC invocations=58 (full 0):
 garbage-first heap   total 641024K, used 182066K [0x00000006c5600000, 0x00000006c5701390, 0x00000007c0000000)
  region size 1024K, 7 young (7168K), 7 survivors (7168K)
 Metaspace       used 41277K, capacity 53178K, committed 60424K, reserved 1091584K
  class space    used 11203K, capacity 14913K, committed 17416K, reserved 1048576K
}
Event: 33096.248 GC heap before
{Heap before GC invocations=59 (full 0):
 garbage-first heap   total 641024K, used 333618K [0x00000006c5600000, 0x00000006c5701390, 0x00000007c0000000)
  region size 1024K, 155 young (158720K), 7 survivors (7168K)
 Metaspace       used 41277K, capacity 53178K, committed 60424K, reserved 1091584K
  class space    used 11203K, capacity 14913K, committed 17416K, reserved 1048576K
}
Event: 33096.406 GC heap after
{Heap after GC invocations=60 (full 0):
 garbage-first heap   total 641024K, used 198977K [0x00000006c5600000, 0x00000006c5701390, 0x00000007c0000000)
  region size 1024K, 20 young (20480K), 20 survivors (20480K)
 Metaspace       used 41277K, capacity 53178K, committed 60424K, reserved 1091584K
  class space    used 11203K, capacity 14913K, committed 17416K, reserved 1048576K
}
Event: 33096.811 GC heap before
{Heap before GC invocations=60 (full 0):
 garbage-first heap   total 641024K, used 369985K [0x00000006c5600000, 0x00000006c5701390, 0x00000007c0000000)
  region size 1024K, 187 young (191488K), 20 survivors (20480K)
 Metaspace       used 41277K, capacity 53178K, committed 60424K, reserved 1091584K
  class space    used 11203K, capacity 14913K, committed 17416K, reserved 1048576K
}
Event: 33096.951 GC heap after
{Heap after GC invocations=61 (full 0):
 garbage-first heap   total 641024K, used 220412K [0x00000006c5600000, 0x00000006c5701390, 0x00000007c0000000)
  region size 1024K, 21 young (21504K), 21 survivors (21504K)
 Metaspace       used 41277K, capacity 53178K, committed 60424K, reserved 1091584K
  class space    used 11203K, capacity 14913K, committed 17416K, reserved 1048576K
}
Event: 33097.327 GC heap before
{Heap before GC invocations=61 (full 0):
 garbage-first heap   total 641024K, used 391420K [0x00000006c5600000, 0x00000006c5701390, 0x00000007c0000000)
  region size 1024K, 188 young (192512K), 21 survivors (21504K)
 Metaspace       used 41277K, capacity 53178K, committed 60424K, reserved 1091584K
  class space    used 11203K, capacity 14913K, committed 17416K, reserved 1048576K
}
Event: 33097.588 GC heap after
{Heap after GC invocations=62 (full 0):
 garbage-first heap   total 641024K, used 241387K [0x00000006c5600000, 0x00000006c5701390, 0x00000007c0000000)
  region size 1024K, 21 young (21504K), 21 survivors (21504K)
 Metaspace       used 41277K, capacity 53178K, committed 60424K, reserved 1091584K
  class space    used 11203K, capacity 14913K, committed 17416K, reserved 1048576K
}
Event: 33097.978 GC heap before
{Heap before GC invocations=62 (full 0):
 garbage-first heap   total 641024K, used 411371K [0x00000006c5600000, 0x00000006c5701390, 0x00000007c0000000)
  region size 1024K, 187 young (191488K), 21 survivors (21504K)
 Metaspace       used 41277K, capacity 53178K, committed 60424K, reserved 1091584K
  class space    used 11203K, capacity 14913K, committed 17416K, reserved 1048576K
}

